[1.103s] Invoking command in '/uolstore/home/users/el23cp/ros2_ws/src/ros2_project_el23cp': PYTHONPATH=/uolstore/home/users/el23cp/ros2_ws/src/ros2_project_el23cp/build/ros2_project_el23cp/prefix_override:/uolstore/home/users/el23cp/ros2_ws/src/ros2_project_el23cp/install/ros2_project_el23cp/lib/python3.10/site-packages:${PYTHONPATH} /usr/bin/python3 setup.py egg_info --egg-base build/ros2_project_el23cp build --build-base /uolstore/home/users/el23cp/ros2_ws/src/ros2_project_el23cp/build/ros2_project_el23cp/build install --record /uolstore/home/users/el23cp/ros2_ws/src/ros2_project_el23cp/build/ros2_project_el23cp/install.log --single-version-externally-managed
[1.352s] running egg_info
[1.353s] writing build/ros2_project_el23cp/ros2_project_el23cp.egg-info/PKG-INFO
[1.357s] writing dependency_links to build/ros2_project_el23cp/ros2_project_el23cp.egg-info/dependency_links.txt
[1.361s] writing entry points to build/ros2_project_el23cp/ros2_project_el23cp.egg-info/entry_points.txt
[1.365s] writing requirements to build/ros2_project_el23cp/ros2_project_el23cp.egg-info/requires.txt
[1.368s] writing top-level names to build/ros2_project_el23cp/ros2_project_el23cp.egg-info/top_level.txt
[1.379s] reading manifest file 'build/ros2_project_el23cp/ros2_project_el23cp.egg-info/SOURCES.txt'
[1.383s] writing manifest file 'build/ros2_project_el23cp/ros2_project_el23cp.egg-info/SOURCES.txt'
[1.385s] running build
[1.385s] running build_py
[1.390s] copying ros2_project_el23cp/robot_code.py -> /uolstore/home/users/el23cp/ros2_ws/src/ros2_project_el23cp/build/ros2_project_el23cp/build/lib/ros2_project_el23cp
[1.394s] running install
[1.394s] running install_lib
[1.399s] copying /uolstore/home/users/el23cp/ros2_ws/src/ros2_project_el23cp/build/ros2_project_el23cp/build/lib/ros2_project_el23cp/robot_code.py -> /uolstore/home/users/el23cp/ros2_ws/src/ros2_project_el23cp/install/ros2_project_el23cp/lib/python3.10/site-packages/ros2_project_el23cp
[1.408s] byte-compiling /uolstore/home/users/el23cp/ros2_ws/src/ros2_project_el23cp/install/ros2_project_el23cp/lib/python3.10/site-packages/ros2_project_el23cp/robot_code.py to robot_code.cpython-310.pyc
[1.414s] running install_data
[1.415s] running install_egg_info
[1.417s] removing '/uolstore/home/users/el23cp/ros2_ws/src/ros2_project_el23cp/install/ros2_project_el23cp/lib/python3.10/site-packages/ros2_project_el23cp-0.0.0-py3.10.egg-info' (and everything under it)
[1.425s] Copying build/ros2_project_el23cp/ros2_project_el23cp.egg-info to /uolstore/home/users/el23cp/ros2_ws/src/ros2_project_el23cp/install/ros2_project_el23cp/lib/python3.10/site-packages/ros2_project_el23cp-0.0.0-py3.10.egg-info
[1.466s] running install_scripts
[1.482s] Installing first_step script to /uolstore/home/users/el23cp/ros2_ws/src/ros2_project_el23cp/install/ros2_project_el23cp/lib/ros2_project_el23cp
[1.485s] Installing fourth_step script to /uolstore/home/users/el23cp/ros2_ws/src/ros2_project_el23cp/install/ros2_project_el23cp/lib/ros2_project_el23cp
[1.489s] Installing robot_code script to /uolstore/home/users/el23cp/ros2_ws/src/ros2_project_el23cp/install/ros2_project_el23cp/lib/ros2_project_el23cp
[1.491s] Installing second_step script to /uolstore/home/users/el23cp/ros2_ws/src/ros2_project_el23cp/install/ros2_project_el23cp/lib/ros2_project_el23cp
[1.494s] Installing third_step script to /uolstore/home/users/el23cp/ros2_ws/src/ros2_project_el23cp/install/ros2_project_el23cp/lib/ros2_project_el23cp
[1.498s] writing list of installed files to '/uolstore/home/users/el23cp/ros2_ws/src/ros2_project_el23cp/build/ros2_project_el23cp/install.log'
[1.513s] Invoked command in '/uolstore/home/users/el23cp/ros2_ws/src/ros2_project_el23cp' returned '0': PYTHONPATH=/uolstore/home/users/el23cp/ros2_ws/src/ros2_project_el23cp/build/ros2_project_el23cp/prefix_override:/uolstore/home/users/el23cp/ros2_ws/src/ros2_project_el23cp/install/ros2_project_el23cp/lib/python3.10/site-packages:${PYTHONPATH} /usr/bin/python3 setup.py egg_info --egg-base build/ros2_project_el23cp build --build-base /uolstore/home/users/el23cp/ros2_ws/src/ros2_project_el23cp/build/ros2_project_el23cp/build install --record /uolstore/home/users/el23cp/ros2_ws/src/ros2_project_el23cp/build/ros2_project_el23cp/install.log --single-version-externally-managed
