[0.989s] Invoking command in '/uolstore/home/users/el23cp/ros2_ws/src/ros2_project_el23cp': PYTHONPATH=/uolstore/home/users/el23cp/ros2_ws/src/ros2_project_el23cp/build/ros2_project_el23cp/prefix_override:/uolstore/home/users/el23cp/ros2_ws/src/ros2_project_el23cp/install/ros2_project_el23cp/lib/python3.10/site-packages:${PYTHONPATH} /usr/bin/python3 setup.py egg_info --egg-base build/ros2_project_el23cp build --build-base /uolstore/home/users/el23cp/ros2_ws/src/ros2_project_el23cp/build/ros2_project_el23cp/build install --record /uolstore/home/users/el23cp/ros2_ws/src/ros2_project_el23cp/build/ros2_project_el23cp/install.log --single-version-externally-managed
[1.314s] running egg_info
[1.315s] writing build/ros2_project_el23cp/ros2_project_el23cp.egg-info/PKG-INFO
[1.320s] writing dependency_links to build/ros2_project_el23cp/ros2_project_el23cp.egg-info/dependency_links.txt
[1.324s] writing entry points to build/ros2_project_el23cp/ros2_project_el23cp.egg-info/entry_points.txt
[1.327s] writing requirements to build/ros2_project_el23cp/ros2_project_el23cp.egg-info/requires.txt
[1.330s] writing top-level names to build/ros2_project_el23cp/ros2_project_el23cp.egg-info/top_level.txt
[1.339s] reading manifest file 'build/ros2_project_el23cp/ros2_project_el23cp.egg-info/SOURCES.txt'
[1.343s] writing manifest file 'build/ros2_project_el23cp/ros2_project_el23cp.egg-info/SOURCES.txt'
[1.345s] running build
[1.345s] running build_py
[1.350s] copying ros2_project_el23cp/robot_code.py -> /uolstore/home/users/el23cp/ros2_ws/src/ros2_project_el23cp/build/ros2_project_el23cp/build/lib/ros2_project_el23cp
[1.354s] running install
[1.354s] running install_lib
[1.361s] copying /uolstore/home/users/el23cp/ros2_ws/src/ros2_project_el23cp/build/ros2_project_el23cp/build/lib/ros2_project_el23cp/robot_code.py -> /uolstore/home/users/el23cp/ros2_ws/src/ros2_project_el23cp/install/ros2_project_el23cp/lib/python3.10/site-packages/ros2_project_el23cp
[1.370s] byte-compiling /uolstore/home/users/el23cp/ros2_ws/src/ros2_project_el23cp/install/ros2_project_el23cp/lib/python3.10/site-packages/ros2_project_el23cp/robot_code.py to robot_code.cpython-310.pyc
[1.375s] running install_data
[1.378s] running install_egg_info
[1.379s] removing '/uolstore/home/users/el23cp/ros2_ws/src/ros2_project_el23cp/install/ros2_project_el23cp/lib/python3.10/site-packages/ros2_project_el23cp-0.0.0-py3.10.egg-info' (and everything under it)
[1.389s] Copying build/ros2_project_el23cp/ros2_project_el23cp.egg-info to /uolstore/home/users/el23cp/ros2_ws/src/ros2_project_el23cp/install/ros2_project_el23cp/lib/python3.10/site-packages/ros2_project_el23cp-0.0.0-py3.10.egg-info
[1.435s] running install_scripts
[1.451s] Installing first_step script to /uolstore/home/users/el23cp/ros2_ws/src/ros2_project_el23cp/install/ros2_project_el23cp/lib/ros2_project_el23cp
[1.454s] Installing fourth_step script to /uolstore/home/users/el23cp/ros2_ws/src/ros2_project_el23cp/install/ros2_project_el23cp/lib/ros2_project_el23cp
[1.458s] Installing second_step script to /uolstore/home/users/el23cp/ros2_ws/src/ros2_project_el23cp/install/ros2_project_el23cp/lib/ros2_project_el23cp
[1.461s] Installing third_step script to /uolstore/home/users/el23cp/ros2_ws/src/ros2_project_el23cp/install/ros2_project_el23cp/lib/ros2_project_el23cp
[1.465s] writing list of installed files to '/uolstore/home/users/el23cp/ros2_ws/src/ros2_project_el23cp/build/ros2_project_el23cp/install.log'
[1.481s] Invoked command in '/uolstore/home/users/el23cp/ros2_ws/src/ros2_project_el23cp' returned '0': PYTHONPATH=/uolstore/home/users/el23cp/ros2_ws/src/ros2_project_el23cp/build/ros2_project_el23cp/prefix_override:/uolstore/home/users/el23cp/ros2_ws/src/ros2_project_el23cp/install/ros2_project_el23cp/lib/python3.10/site-packages:${PYTHONPATH} /usr/bin/python3 setup.py egg_info --egg-base build/ros2_project_el23cp build --build-base /uolstore/home/users/el23cp/ros2_ws/src/ros2_project_el23cp/build/ros2_project_el23cp/build install --record /uolstore/home/users/el23cp/ros2_ws/src/ros2_project_el23cp/build/ros2_project_el23cp/install.log --single-version-externally-managed
