running egg_info
creating build/lab5/lab5.egg-info
writing build/lab5/lab5.egg-info/PKG-INFO
writing dependency_links to build/lab5/lab5.egg-info/dependency_links.txt
writing entry points to build/lab5/lab5.egg-info/entry_points.txt
writing requirements to build/lab5/lab5.egg-info/requires.txt
writing top-level names to build/lab5/lab5.egg-info/top_level.txt
writing manifest file 'build/lab5/lab5.egg-info/SOURCES.txt'
reading manifest file 'build/lab5/lab5.egg-info/SOURCES.txt'
writing manifest file 'build/lab5/lab5.egg-info/SOURCES.txt'
running build
running build_py
creating /uolstore/home/users/el23cp/ros2_ws/src/lab5/build/lab5/build
creating /uolstore/home/users/el23cp/ros2_ws/src/lab5/build/lab5/build/lib
creating /uolstore/home/users/el23cp/ros2_ws/src/lab5/build/lab5/build/lib/lab5
copying lab5/Skeleton_Code_First_Step.py -> /uolstore/home/users/el23cp/ros2_ws/src/lab5/build/lab5/build/lib/lab5
copying lab5/Skeleton_Code_Fourth_Step.py -> /uolstore/home/users/el23cp/ros2_ws/src/lab5/build/lab5/build/lib/lab5
copying lab5/Skeleton_Code_Second_Step.py -> /uolstore/home/users/el23cp/ros2_ws/src/lab5/build/lab5/build/lib/lab5
copying lab5/Skeleton_Code_Third_Step.py -> /uolstore/home/users/el23cp/ros2_ws/src/lab5/build/lab5/build/lib/lab5
copying lab5/__init__.py -> /uolstore/home/users/el23cp/ros2_ws/src/lab5/build/lab5/build/lib/lab5
copying lab5/first_step.py -> /uolstore/home/users/el23cp/ros2_ws/src/lab5/build/lab5/build/lib/lab5
running install
running install_lib
creating /uolstore/home/users/el23cp/ros2_ws/src/lab5/install/lab5/lib/python3.10/site-packages/lab5
copying /uolstore/home/users/el23cp/ros2_ws/src/lab5/build/lab5/build/lib/lab5/Skeleton_Code_First_Step.py -> /uolstore/home/users/el23cp/ros2_ws/src/lab5/install/lab5/lib/python3.10/site-packages/lab5
copying /uolstore/home/users/el23cp/ros2_ws/src/lab5/build/lab5/build/lib/lab5/Skeleton_Code_Fourth_Step.py -> /uolstore/home/users/el23cp/ros2_ws/src/lab5/install/lab5/lib/python3.10/site-packages/lab5
copying /uolstore/home/users/el23cp/ros2_ws/src/lab5/build/lab5/build/lib/lab5/Skeleton_Code_Second_Step.py -> /uolstore/home/users/el23cp/ros2_ws/src/lab5/install/lab5/lib/python3.10/site-packages/lab5
copying /uolstore/home/users/el23cp/ros2_ws/src/lab5/build/lab5/build/lib/lab5/Skeleton_Code_Third_Step.py -> /uolstore/home/users/el23cp/ros2_ws/src/lab5/install/lab5/lib/python3.10/site-packages/lab5
copying /uolstore/home/users/el23cp/ros2_ws/src/lab5/build/lab5/build/lib/lab5/__init__.py -> /uolstore/home/users/el23cp/ros2_ws/src/lab5/install/lab5/lib/python3.10/site-packages/lab5
copying /uolstore/home/users/el23cp/ros2_ws/src/lab5/build/lab5/build/lib/lab5/first_step.py -> /uolstore/home/users/el23cp/ros2_ws/src/lab5/install/lab5/lib/python3.10/site-packages/lab5
byte-compiling /uolstore/home/users/el23cp/ros2_ws/src/lab5/install/lab5/lib/python3.10/site-packages/lab5/Skeleton_Code_First_Step.py to Skeleton_Code_First_Step.cpython-310.pyc
byte-compiling /uolstore/home/users/el23cp/ros2_ws/src/lab5/install/lab5/lib/python3.10/site-packages/lab5/Skeleton_Code_Fourth_Step.py to Skeleton_Code_Fourth_Step.cpython-310.pyc
byte-compiling /uolstore/home/users/el23cp/ros2_ws/src/lab5/install/lab5/lib/python3.10/site-packages/lab5/Skeleton_Code_Second_Step.py to Skeleton_Code_Second_Step.cpython-310.pyc
byte-compiling /uolstore/home/users/el23cp/ros2_ws/src/lab5/install/lab5/lib/python3.10/site-packages/lab5/Skeleton_Code_Third_Step.py to Skeleton_Code_Third_Step.cpython-310.pyc
byte-compiling /uolstore/home/users/el23cp/ros2_ws/src/lab5/install/lab5/lib/python3.10/site-packages/lab5/__init__.py to __init__.cpython-310.pyc
byte-compiling /uolstore/home/users/el23cp/ros2_ws/src/lab5/install/lab5/lib/python3.10/site-packages/lab5/first_step.py to first_step.cpython-310.pyc
running install_data
creating /uolstore/home/users/el23cp/ros2_ws/src/lab5/install/lab5/share/ament_index
creating /uolstore/home/users/el23cp/ros2_ws/src/lab5/install/lab5/share/ament_index/resource_index
creating /uolstore/home/users/el23cp/ros2_ws/src/lab5/install/lab5/share/ament_index/resource_index/packages
copying resource/lab5 -> /uolstore/home/users/el23cp/ros2_ws/src/lab5/install/lab5/share/ament_index/resource_index/packages
copying package.xml -> /uolstore/home/users/el23cp/ros2_ws/src/lab5/install/lab5/share/lab5
running install_egg_info
Copying build/lab5/lab5.egg-info to /uolstore/home/users/el23cp/ros2_ws/src/lab5/install/lab5/lib/python3.10/site-packages/lab5-0.0.0-py3.10.egg-info
running install_scripts
Installing first_step script to /uolstore/home/users/el23cp/ros2_ws/src/lab5/install/lab5/lib/lab5
Installing fourth_step script to /uolstore/home/users/el23cp/ros2_ws/src/lab5/install/lab5/lib/lab5
Installing second_step script to /uolstore/home/users/el23cp/ros2_ws/src/lab5/install/lab5/lib/lab5
Installing third_step script to /uolstore/home/users/el23cp/ros2_ws/src/lab5/install/lab5/lib/lab5
writing list of installed files to '/uolstore/home/users/el23cp/ros2_ws/src/lab5/build/lab5/install.log'
