/uolstore/home/users/el23cp/ros2_ws/src/lab5/install/lab5/lib/python3.10/site-packages/lab5/Skeleton_Code_First_Step.py
/uolstore/home/users/el23cp/ros2_ws/src/lab5/install/lab5/lib/python3.10/site-packages/lab5/Skeleton_Code_Fourth_Step.py
/uolstore/home/users/el23cp/ros2_ws/src/lab5/install/lab5/lib/python3.10/site-packages/lab5/Skeleton_Code_Second_Step.py
/uolstore/home/users/el23cp/ros2_ws/src/lab5/install/lab5/lib/python3.10/site-packages/lab5/Skeleton_Code_Third_Step.py
/uolstore/home/users/el23cp/ros2_ws/src/lab5/install/lab5/lib/python3.10/site-packages/lab5/__init__.py
/uolstore/home/users/el23cp/ros2_ws/src/lab5/install/lab5/lib/python3.10/site-packages/lab5/first_step.py
/uolstore/home/users/el23cp/ros2_ws/src/lab5/install/lab5/lib/python3.10/site-packages/lab5/__pycache__/Skeleton_Code_First_Step.cpython-310.pyc
/uolstore/home/users/el23cp/ros2_ws/src/lab5/install/lab5/lib/python3.10/site-packages/lab5/__pycache__/Skeleton_Code_Fourth_Step.cpython-310.pyc
/uolstore/home/users/el23cp/ros2_ws/src/lab5/install/lab5/lib/python3.10/site-packages/lab5/__pycache__/Skeleton_Code_Second_Step.cpython-310.pyc
/uolstore/home/users/el23cp/ros2_ws/src/lab5/install/lab5/lib/python3.10/site-packages/lab5/__pycache__/Skeleton_Code_Third_Step.cpython-310.pyc
/uolstore/home/users/el23cp/ros2_ws/src/lab5/install/lab5/lib/python3.10/site-packages/lab5/__pycache__/__init__.cpython-310.pyc
/uolstore/home/users/el23cp/ros2_ws/src/lab5/install/lab5/lib/python3.10/site-packages/lab5/__pycache__/first_step.cpython-310.pyc
/uolstore/home/users/el23cp/ros2_ws/src/lab5/install/lab5/share/ament_index/resource_index/packages/lab5
/uolstore/home/users/el23cp/ros2_ws/src/lab5/install/lab5/share/lab5/package.xml
/uolstore/home/users/el23cp/ros2_ws/src/lab5/install/lab5/lib/python3.10/site-packages/lab5-0.0.0-py3.10.egg-info/PKG-INFO
/uolstore/home/users/el23cp/ros2_ws/src/lab5/install/lab5/lib/python3.10/site-packages/lab5-0.0.0-py3.10.egg-info/zip-safe
/uolstore/home/users/el23cp/ros2_ws/src/lab5/install/lab5/lib/python3.10/site-packages/lab5-0.0.0-py3.10.egg-info/dependency_links.txt
/uolstore/home/users/el23cp/ros2_ws/src/lab5/install/lab5/lib/python3.10/site-packages/lab5-0.0.0-py3.10.egg-info/entry_points.txt
/uolstore/home/users/el23cp/ros2_ws/src/lab5/install/lab5/lib/python3.10/site-packages/lab5-0.0.0-py3.10.egg-info/requires.txt
/uolstore/home/users/el23cp/ros2_ws/src/lab5/install/lab5/lib/python3.10/site-packages/lab5-0.0.0-py3.10.egg-info/top_level.txt
/uolstore/home/users/el23cp/ros2_ws/src/lab5/install/lab5/lib/python3.10/site-packages/lab5-0.0.0-py3.10.egg-info/SOURCES.txt
/uolstore/home/users/el23cp/ros2_ws/src/lab5/install/lab5/lib/lab5/first_step
/uolstore/home/users/el23cp/ros2_ws/src/lab5/install/lab5/lib/lab5/fourth_step
/uolstore/home/users/el23cp/ros2_ws/src/lab5/install/lab5/lib/lab5/second_step
/uolstore/home/users/el23cp/ros2_ws/src/lab5/install/lab5/lib/lab5/third_step
