[1.444s] Invoking command in '/uolstore/home/users/el23cp/ros2_ws/src/ros2_project_el23cp': PYTHONPATH=/uolstore/home/users/el23cp/ros2_ws/src/ros2_project_el23cp/build/ros2_project_el23cp/prefix_override:/uolstore/home/users/el23cp/ros2_ws/src/ros2_project_el23cp/install/ros2_project_el23cp/lib/python3.10/site-packages:${PYTHONPATH} /usr/bin/python3 setup.py egg_info --egg-base build/ros2_project_el23cp build --build-base /uolstore/home/users/el23cp/ros2_ws/src/ros2_project_el23cp/build/ros2_project_el23cp/build install --record /uolstore/home/users/el23cp/ros2_ws/src/ros2_project_el23cp/build/ros2_project_el23cp/install.log --single-version-externally-managed
[1.756s] running egg_info
[1.757s] writing build/ros2_project_el23cp/ros2_project_el23cp.egg-info/PKG-INFO
[1.763s] writing dependency_links to build/ros2_project_el23cp/ros2_project_el23cp.egg-info/dependency_links.txt
[1.772s] writing entry points to build/ros2_project_el23cp/ros2_project_el23cp.egg-info/entry_points.txt
[1.775s] writing requirements to build/ros2_project_el23cp/ros2_project_el23cp.egg-info/requires.txt
[1.779s] writing top-level names to build/ros2_project_el23cp/ros2_project_el23cp.egg-info/top_level.txt
[1.793s] reading manifest file 'build/ros2_project_el23cp/ros2_project_el23cp.egg-info/SOURCES.txt'
[1.797s] writing manifest file 'build/ros2_project_el23cp/ros2_project_el23cp.egg-info/SOURCES.txt'
[1.800s] running build
[1.800s] running build_py
[1.804s] running install
[1.804s] running install_lib
[1.813s] running install_data
[1.814s] running install_egg_info
[1.816s] removing '/uolstore/home/users/el23cp/ros2_ws/src/ros2_project_el23cp/install/ros2_project_el23cp/lib/python3.10/site-packages/ros2_project_el23cp-0.0.0-py3.10.egg-info' (and everything under it)
[1.826s] Copying build/ros2_project_el23cp/ros2_project_el23cp.egg-info to /uolstore/home/users/el23cp/ros2_ws/src/ros2_project_el23cp/install/ros2_project_el23cp/lib/python3.10/site-packages/ros2_project_el23cp-0.0.0-py3.10.egg-info
[1.882s] running install_scripts
[1.901s] Installing first_step script to /uolstore/home/users/el23cp/ros2_ws/src/ros2_project_el23cp/install/ros2_project_el23cp/lib/ros2_project_el23cp
[1.906s] Installing fourth_step script to /uolstore/home/users/el23cp/ros2_ws/src/ros2_project_el23cp/install/ros2_project_el23cp/lib/ros2_project_el23cp
[1.910s] Installing robot_code script to /uolstore/home/users/el23cp/ros2_ws/src/ros2_project_el23cp/install/ros2_project_el23cp/lib/ros2_project_el23cp
[1.914s] Installing second_step script to /uolstore/home/users/el23cp/ros2_ws/src/ros2_project_el23cp/install/ros2_project_el23cp/lib/ros2_project_el23cp
[1.920s] Installing third_step script to /uolstore/home/users/el23cp/ros2_ws/src/ros2_project_el23cp/install/ros2_project_el23cp/lib/ros2_project_el23cp
[1.924s] writing list of installed files to '/uolstore/home/users/el23cp/ros2_ws/src/ros2_project_el23cp/build/ros2_project_el23cp/install.log'
[1.943s] Invoked command in '/uolstore/home/users/el23cp/ros2_ws/src/ros2_project_el23cp' returned '0': PYTHONPATH=/uolstore/home/users/el23cp/ros2_ws/src/ros2_project_el23cp/build/ros2_project_el23cp/prefix_override:/uolstore/home/users/el23cp/ros2_ws/src/ros2_project_el23cp/install/ros2_project_el23cp/lib/python3.10/site-packages:${PYTHONPATH} /usr/bin/python3 setup.py egg_info --egg-base build/ros2_project_el23cp build --build-base /uolstore/home/users/el23cp/ros2_ws/src/ros2_project_el23cp/build/ros2_project_el23cp/build install --record /uolstore/home/users/el23cp/ros2_ws/src/ros2_project_el23cp/build/ros2_project_el23cp/install.log --single-version-externally-managed
